<?xml version="1.0" encoding="UTF-8"?><results version="2">    <cppcheck version="2.1"/>    <errors>        <error id="internalAstError" severity="error" msg="Syntax Error: AST broken, binary operator &apos;==&apos; doesn&apos;t have two operands." verbose="Syntax Error: AST broken, binary operator &apos;==&apos; doesn&apos;t have two operands.">            <location file0="C:\OpenXRay\src\xrGame\script_game_object_smart_covers.cpp" file="C:\OpenXRay\src\xrGame\detail_path_manager_inline.h" line="26" column="41"/>        </error>        <error id="uninitMemberVar" severity="warning" msg="Member variable &apos;CRestrictedObject::m_applied&apos; is not initialized in the constructor." verbose="Member variable &apos;CRestrictedObject::m_applied&apos; is not initialized in the constructor." cwe="398">            <location file0="C:\OpenXRay\src\xrGame\script_game_object_smart_covers.cpp" file="C:\OpenXRay\src\xrGame\restricted_object_inline.h" line="11" column="23"/>            <symbol>CRestrictedObject::m_applied</symbol>        </error>        <error id="uninitMemberVar" severity="warning" msg="Member variable &apos;CRestrictedObject::m_removed&apos; is not initialized in the constructor." verbose="Member variable &apos;CRestrictedObject::m_removed&apos; is not initialized in the constructor." cwe="398">            <location file0="C:\OpenXRay\src\xrGame\script_game_object_smart_covers.cpp" file="C:\OpenXRay\src\xrGame\restricted_object_inline.h" line="11" column="23"/>            <symbol>CRestrictedObject::m_removed</symbol>        </error>        <error id="uninitMemberVar" severity="warning" msg="Member variable &apos;CRestrictedObject::m_actual&apos; is not initialized in the constructor." verbose="Member variable &apos;CRestrictedObject::m_actual&apos; is not initialized in the constructor." cwe="398">            <location file0="C:\OpenXRay\src\xrGame\script_game_object_smart_covers.cpp" file="C:\OpenXRay\src\xrGame\restricted_object_inline.h" line="11" column="23"/>            <symbol>CRestrictedObject::m_actual</symbol>        </error>        <error id="uninitMemberVar" severity="warning" msg="Member variable &apos;obstacles_query::m_actual&apos; is not initialized in the constructor." verbose="Member variable &apos;obstacles_query::m_actual&apos; is not initialized in the constructor." cwe="398">            <location file0="C:\OpenXRay\src\xrGame\script_game_object_smart_covers.cpp" file="C:\OpenXRay\src\xrGame\obstacles_query_inline.h" line="12" column="21"/>            <symbol>obstacles_query::m_actual</symbol>        </error>        <error id="noConstructor" severity="style" msg="The class &apos;object&apos; does not have a constructor although it has private member variables." verbose="The class &apos;object&apos; does not have a constructor although it has private member variables. Member variables of builtin types are left uninitialized when the class is instantiated. That may cause bugs or undefined behavior." cwe="398">            <location file0="C:\OpenXRay\src\xrGame\script_game_object_smart_covers.cpp" file="C:\OpenXRay\src\xrGame\smart_cover_object.h" line="20" column="1"/>            <symbol>object</symbol>        </error>        <error id="useInitializationList" severity="performance" msg="Variable &apos;m_owner_id&apos; is assigned in constructor body. Consider performing initialization in initialization list." verbose="When an object of a class is created, the constructors of all member variables are called consecutively in the order the variables are declared, even if you don&apos;t explicitly write them to the initialization list. You could avoid assigning &apos;m_owner_id&apos; a value by passing the value to the constructor in the initialization list." cwe="398">            <location file0="C:\OpenXRay\src\xrGame\script_game_object_smart_covers.cpp" file="C:\OpenXRay\src\xrGame\ai\stalker\ai_stalker.h" line="308" column="13"/>            <symbol>m_owner_id</symbol>        </error>        <error id="useInitializationList" severity="performance" msg="Variable &apos;m_new_owner_id&apos; is assigned in constructor body. Consider performing initialization in initialization list." verbose="When an object of a class is created, the constructors of all member variables are called consecutively in the order the variables are declared, even if you don&apos;t explicitly write them to the initialization list. You could avoid assigning &apos;m_new_owner_id&apos; a value by passing the value to the constructor in the initialization list." cwe="398">            <location file0="C:\OpenXRay\src\xrGame\script_game_object_smart_covers.cpp" file="C:\OpenXRay\src\xrGame\ai\stalker\ai_stalker.h" line="309" column="13"/>            <symbol>m_new_owner_id</symbol>        </error>        <error id="useInitializationList" severity="performance" msg="Variable &apos;m_last_update_time&apos; is assigned in constructor body. Consider performing initialization in initialization list." verbose="When an object of a class is created, the constructors of all member variables are called consecutively in the order the variables are declared, even if you don&apos;t explicitly write them to the initialization list. You could avoid assigning &apos;m_last_update_time&apos; a value by passing the value to the constructor in the initialization list." cwe="398">            <location file0="C:\OpenXRay\src\xrGame\script_game_object_smart_covers.cpp" file="C:\OpenXRay\src\xrGame\refreshable_obstacles_query_inline.h" line="12" column="65"/>            <symbol>m_last_update_time</symbol>        </error>        <error id="duplInheritedMember" severity="warning" msg="The class &apos;stalker_movement_manager_base&apos; defines member variable with name &apos;m_object&apos; also defined in its parent class &apos;CMovementManager&apos;." verbose="The class &apos;stalker_movement_manager_base&apos; defines member variable with name &apos;m_object&apos; also defined in its parent class &apos;CMovementManager&apos;." cwe="398">            <location file0="C:\OpenXRay\src\xrGame\script_game_object_smart_covers.cpp" file="C:\OpenXRay\src\xrGame\stalker_movement_manager_base.h" line="120" column="18" info="Derived variable &apos;stalker_movement_manager_base::m_object&apos;"/>            <location file0="C:\OpenXRay\src\xrGame\script_game_object_smart_covers.cpp" file="C:\OpenXRay\src\xrGame\movement_manager.h" line="148" column="21" info="Parent variable &apos;CMovementManager::m_object&apos;"/>            <symbol>stalker_movement_manager_base</symbol>            <symbol>m_object</symbol>            <symbol>CMovementManager</symbol>        </error>        <error id="noExplicitConstructor" severity="style" msg="Class &apos;xrTime&apos; has a constructor with 1 argument that is not explicit." verbose="Class &apos;xrTime&apos; has a constructor with 1 argument that is not explicit. Such constructors should in general be explicit for type safety reasons. Using the explicit keyword in the constructor means some mistakes when using the class can be avoided." cwe="398">            <location file0="C:\OpenXRay\src\xrGame\script_game_object_smart_covers.cpp" file="C:\OpenXRay\src\xrGame\xr_time.h" line="12" column="5"/>            <symbol>xrTime</symbol>        </error>        <error id="noExplicitConstructor" severity="style" msg="Class &apos;CRestrictedObject&apos; has a constructor with 1 argument that is not explicit." verbose="Class &apos;CRestrictedObject&apos; has a constructor with 1 argument that is not explicit. Such constructors should in general be explicit for type safety reasons. Using the explicit keyword in the constructor means some mistakes when using the class can be avoided." cwe="398">            <location file0="C:\OpenXRay\src\xrGame\script_game_object_smart_covers.cpp" file="C:\OpenXRay\src\xrGame\restricted_object.h" line="45" column="8"/>            <symbol>CRestrictedObject</symbol>        </error>        <error id="noExplicitConstructor" severity="style" msg="Class &apos;CLocationManager&apos; has a constructor with 1 argument that is not explicit." verbose="Class &apos;CLocationManager&apos; has a constructor with 1 argument that is not explicit. Such constructors should in general be explicit for type safety reasons. Using the explicit keyword in the constructor means some mistakes when using the class can be avoided." cwe="398">            <location file0="C:\OpenXRay\src\xrGame\script_game_object_smart_covers.cpp" file="C:\OpenXRay\src\xrGame\location_manager.h" line="22" column="8"/>            <symbol>CLocationManager</symbol>        </error>        <error id="noExplicitConstructor" severity="style" msg="Struct &apos;SGameTaskKey&apos; has a constructor with 1 argument that is not explicit." verbose="Struct &apos;SGameTaskKey&apos; has a constructor with 1 argument that is not explicit. Such constructors should in general be explicit for type safety reasons. Using the explicit keyword in the constructor means some mistakes when using the class can be avoided." cwe="398">            <location file0="C:\OpenXRay\src\xrGame\script_game_object_smart_covers.cpp" file="C:\OpenXRay\src\xrGame\GameTaskDefs.h" line="37" column="5"/>            <symbol>SGameTaskKey</symbol>        </error>        <error id="noExplicitConstructor" severity="style" msg="Class &apos;CScriptGameObject&apos; has a constructor with 1 argument that is not explicit." verbose="Class &apos;CScriptGameObject&apos; has a constructor with 1 argument that is not explicit. Such constructors should in general be explicit for type safety reasons. Using the explicit keyword in the constructor means some mistakes when using the class can be avoided." cwe="398">            <location file0="C:\OpenXRay\src\xrGame\script_game_object_smart_covers.cpp" file="C:\OpenXRay\src\xrGame\script_game_object.h" line="159" column="5"/>            <symbol>CScriptGameObject</symbol>        </error>        <error id="noExplicitConstructor" severity="style" msg="Class &apos;CScriptBinder&apos; has a constructor with 1 argument that is not explicit." verbose="Class &apos;CScriptBinder&apos; has a constructor with 1 argument that is not explicit. Such constructors should in general be explicit for type safety reasons. Using the explicit keyword in the constructor means some mistakes when using the class can be avoided." cwe="398">            <location file0="C:\OpenXRay\src\xrGame\script_game_object_smart_covers.cpp" file="C:\OpenXRay\src\xrGame\script_binder.h" line="23" column="5"/>            <symbol>CScriptBinder</symbol>        </error>        <error id="noExplicitConstructor" severity="style" msg="Class &apos;CMovementManager&apos; has a constructor with 1 argument that is not explicit." verbose="Class &apos;CMovementManager&apos; has a constructor with 1 argument that is not explicit. Such constructors should in general be explicit for type safety reasons. Using the explicit keyword in the constructor means some mistakes when using the class can be avoided." cwe="398">            <location file0="C:\OpenXRay\src\xrGame\script_game_object_smart_covers.cpp" file="C:\OpenXRay\src\xrGame\movement_manager.h" line="163" column="5"/>            <symbol>CMovementManager</symbol>        </error>        <error id="noExplicitConstructor" severity="style" msg="Class &apos;stalker_movement_manager_base&apos; has a constructor with 1 argument that is not explicit." verbose="Class &apos;stalker_movement_manager_base&apos; has a constructor with 1 argument that is not explicit. Such constructors should in general be explicit for type safety reasons. Using the explicit keyword in the constructor means some mistakes when using the class can be avoided." cwe="398">            <location file0="C:\OpenXRay\src\xrGame\script_game_object_smart_covers.cpp" file="C:\OpenXRay\src\xrGame\stalker_movement_manager_base.h" line="46" column="5"/>            <symbol>stalker_movement_manager_base</symbol>        </error>        <error id="noExplicitConstructor" severity="style" msg="Class &apos;stalker_movement_manager_obstacles&apos; has a constructor with 1 argument that is not explicit." verbose="Class &apos;stalker_movement_manager_obstacles&apos; has a constructor with 1 argument that is not explicit. Such constructors should in general be explicit for type safety reasons. Using the explicit keyword in the constructor means some mistakes when using the class can be avoided." cwe="398">            <location file0="C:\OpenXRay\src\xrGame\script_game_object_smart_covers.cpp" file="C:\OpenXRay\src\xrGame\stalker_movement_manager_obstacles.h" line="30" column="5"/>            <symbol>stalker_movement_manager_obstacles</symbol>        </error>        <error id="noExplicitConstructor" severity="style" msg="Class &apos;stalker_movement_manager_smart_cover&apos; has a constructor with 1 argument that is not explicit." verbose="Class &apos;stalker_movement_manager_smart_cover&apos; has a constructor with 1 argument that is not explicit. Such constructors should in general be explicit for type safety reasons. Using the explicit keyword in the constructor means some mistakes when using the class can be avoided." cwe="398">            <location file0="C:\OpenXRay\src\xrGame\script_game_object_smart_covers.cpp" file="C:\OpenXRay\src\xrGame\stalker_movement_manager_smart_cover.h" line="52" column="5"/>            <symbol>stalker_movement_manager_smart_cover</symbol>        </error>        <error id="noExplicitConstructor" severity="style" msg="Class &apos;description&apos; has a constructor with 1 argument that is not explicit." verbose="Class &apos;description&apos; has a constructor with 1 argument that is not explicit. Such constructors should in general be explicit for type safety reasons. Using the explicit keyword in the constructor means some mistakes when using the class can be avoided." cwe="398">            <location file0="C:\OpenXRay\src\xrGame\script_game_object_smart_covers.cpp" file="C:\OpenXRay\src\xrGame\smart_cover_description.h" line="40" column="5"/>            <symbol>description</symbol>        </error>        <error id="noExplicitConstructor" severity="style" msg="Class &apos;action&apos; has a constructor with 1 argument that is not explicit." verbose="Class &apos;action&apos; has a constructor with 1 argument that is not explicit. Such constructors should in general be explicit for type safety reasons. Using the explicit keyword in the constructor means some mistakes when using the class can be avoided." cwe="398">            <location file0="C:\OpenXRay\src\xrGame\script_game_object_smart_covers.cpp" file="C:\OpenXRay\src\xrGame\smart_cover_action.h" line="39" column="5"/>            <symbol>action</symbol>        </error>        <error id="noExplicitConstructor" severity="style" msg="Class &apos;loophole&apos; has a constructor with 1 argument that is not explicit." verbose="Class &apos;loophole&apos; has a constructor with 1 argument that is not explicit. Such constructors should in general be explicit for type safety reasons. Using the explicit keyword in the constructor means some mistakes when using the class can be avoided." cwe="398">            <location file0="C:\OpenXRay\src\xrGame\script_game_object_smart_covers.cpp" file="C:\OpenXRay\src\xrGame\smart_cover_loophole.h" line="54" column="5"/>            <symbol>loophole</symbol>        </error>        <error id="missingOverride" severity="style" msg="The function &apos;Load&apos; overrides a function in a base class but is not marked with a &apos;override&apos; specifier." verbose="The function &apos;Load&apos; overrides a function in a base class but is not marked with a &apos;override&apos; specifier.">            <location file0="C:\OpenXRay\src\xrGame\script_game_object_smart_covers.cpp" file="C:\OpenXRay\src\xrGame\stalker_movement_manager_base.h" line="48" column="18" info="Function in derived class"/>            <location file0="C:\OpenXRay\src\xrGame\script_game_object_smart_covers.cpp" file="C:\OpenXRay\src\xrGame\movement_manager.h" line="165" column="18" info="Virtual function in base class"/>            <symbol>Load</symbol>        </error>        <error id="missingOverride" severity="style" msg="The function &apos;reinit&apos; overrides a function in a base class but is not marked with a &apos;override&apos; specifier." verbose="The function &apos;reinit&apos; overrides a function in a base class but is not marked with a &apos;override&apos; specifier.">            <location file0="C:\OpenXRay\src\xrGame\script_game_object_smart_covers.cpp" file="C:\OpenXRay\src\xrGame\stalker_movement_manager_base.h" line="49" column="18" info="Function in derived class"/>            <location file0="C:\OpenXRay\src\xrGame\script_game_object_smart_covers.cpp" file="C:\OpenXRay\src\xrGame\movement_manager.h" line="166" column="18" info="Virtual function in base class"/>            <symbol>reinit</symbol>        </error>        <error id="missingOverride" severity="style" msg="The function &apos;reload&apos; overrides a function in a base class but is not marked with a &apos;override&apos; specifier." verbose="The function &apos;reload&apos; overrides a function in a base class but is not marked with a &apos;override&apos; specifier.">            <location file0="C:\OpenXRay\src\xrGame\script_game_object_smart_covers.cpp" file="C:\OpenXRay\src\xrGame\stalker_movement_manager_base.h" line="50" column="18" info="Function in derived class"/>            <location file0="C:\OpenXRay\src\xrGame\script_game_object_smart_covers.cpp" file="C:\OpenXRay\src\xrGame\movement_manager.h" line="167" column="18" info="Virtual function in base class"/>            <symbol>reload</symbol>        </error>        <error id="missingOverride" severity="style" msg="The function &apos;on_travel_point_change&apos; overrides a function in a base class but is not marked with a &apos;override&apos; specifier." verbose="The function &apos;on_travel_point_change&apos; overrides a function in a base class but is not marked with a &apos;override&apos; specifier.">            <location file0="C:\OpenXRay\src\xrGame\script_game_object_smart_covers.cpp" file="C:\OpenXRay\src\xrGame\stalker_movement_manager_base.h" line="52" column="18" info="Function in derived class"/>            <location file0="C:\OpenXRay\src\xrGame\script_game_object_smart_covers.cpp" file="C:\OpenXRay\src\xrGame\movement_manager.h" line="194" column="18" info="Virtual function in base class"/>            <symbol>on_travel_point_change</symbol>        </error>        <error id="missingOverride" severity="style" msg="The function &apos;on_restrictions_change&apos; overrides a function in a base class but is not marked with a &apos;override&apos; specifier." verbose="The function &apos;on_restrictions_change&apos; overrides a function in a base class but is not marked with a &apos;override&apos; specifier.">            <location file0="C:\OpenXRay\src\xrGame\script_game_object_smart_covers.cpp" file="C:\OpenXRay\src\xrGame\stalker_movement_manager_base.h" line="53" column="18" info="Function in derived class"/>            <location file0="C:\OpenXRay\src\xrGame\script_game_object_smart_covers.cpp" file="C:\OpenXRay\src\xrGame\movement_manager.h" line="224" column="18" info="Virtual function in base class"/>            <symbol>on_restrictions_change</symbol>        </error>        <error id="missingOverride" severity="style" msg="The function &apos;set_level_dest_vertex&apos; overrides a function in a base class but is not marked with a &apos;override&apos; specifier." verbose="The function &apos;set_level_dest_vertex&apos; overrides a function in a base class but is not marked with a &apos;override&apos; specifier.">            <location file0="C:\OpenXRay\src\xrGame\script_game_object_smart_covers.cpp" file="C:\OpenXRay\src\xrGame\stalker_movement_manager_base.h" line="54" column="18" info="Function in derived class"/>            <location file0="C:\OpenXRay\src\xrGame\script_game_object_smart_covers.cpp" file="C:\OpenXRay\src\xrGame\movement_manager.h" line="175" column="18" info="Virtual function in base class"/>            <symbol>set_level_dest_vertex</symbol>        </error>        <error id="missingOverride" severity="style" msg="The function &apos;on_build_path&apos; overrides a function in a base class but is not marked with a &apos;override&apos; specifier." verbose="The function &apos;on_build_path&apos; overrides a function in a base class but is not marked with a &apos;override&apos; specifier.">            <location file0="C:\OpenXRay\src\xrGame\script_game_object_smart_covers.cpp" file="C:\OpenXRay\src\xrGame\stalker_movement_manager_base.h" line="92" column="18" info="Function in derived class"/>            <location file0="C:\OpenXRay\src\xrGame\script_game_object_smart_covers.cpp" file="C:\OpenXRay\src\xrGame\movement_manager.h" line="195" column="18" info="Virtual function in base class"/>            <symbol>on_build_path</symbol>        </error>        <error id="missingOverride" severity="style" msg="The function &apos;query&apos; overrides a function in a base class but is not marked with a &apos;override&apos; specifier." verbose="The function &apos;query&apos; overrides a function in a base class but is not marked with a &apos;override&apos; specifier.">            <location file0="C:\OpenXRay\src\xrGame\script_game_object_smart_covers.cpp" file="C:\OpenXRay\src\xrGame\dynamic_obstacles_avoider.h" line="19" column="18" info="Function in derived class"/>            <location file0="C:\OpenXRay\src\xrGame\script_game_object_smart_covers.cpp" file="C:\OpenXRay\src\xrGame\static_obstacles_avoider.h" line="38" column="18" info="Virtual function in base class"/>            <symbol>query</symbol>        </error>        <error id="missingOverride" severity="style" msg="The function &apos;process_query&apos; overrides a function in a base class but is not marked with a &apos;override&apos; specifier." verbose="The function &apos;process_query&apos; overrides a function in a base class but is not marked with a &apos;override&apos; specifier.">            <location file0="C:\OpenXRay\src\xrGame\script_game_object_smart_covers.cpp" file="C:\OpenXRay\src\xrGame\dynamic_obstacles_avoider.h" line="20" column="18" info="Function in derived class"/>            <location file0="C:\OpenXRay\src\xrGame\script_game_object_smart_covers.cpp" file="C:\OpenXRay\src\xrGame\static_obstacles_avoider.h" line="54" column="18" info="Virtual function in base class"/>            <symbol>process_query</symbol>        </error>        <error id="missingOverride" severity="style" msg="The function &apos;move_along_path&apos; overrides a function in a base class but is not marked with a &apos;override&apos; specifier." verbose="The function &apos;move_along_path&apos; overrides a function in a base class but is not marked with a &apos;override&apos; specifier.">            <location file0="C:\OpenXRay\src\xrGame\script_game_object_smart_covers.cpp" file="C:\OpenXRay\src\xrGame\stalker_movement_manager_obstacles.h" line="32" column="18" info="Function in derived class"/>            <location file0="C:\OpenXRay\src\xrGame\script_game_object_smart_covers.cpp" file="C:\OpenXRay\src\xrGame\movement_manager.h" line="189" column="18" info="Virtual function in base class"/>            <symbol>move_along_path</symbol>        </error>        <error id="missingOverride" severity="style" msg="The function &apos;remove_links&apos; overrides a function in a base class but is not marked with a &apos;override&apos; specifier." verbose="The function &apos;remove_links&apos; overrides a function in a base class but is not marked with a &apos;override&apos; specifier.">            <location file0="C:\OpenXRay\src\xrGame\script_game_object_smart_covers.cpp" file="C:\OpenXRay\src\xrGame\stalker_movement_manager_obstacles.h" line="33" column="18" info="Function in derived class"/>            <location file0="C:\OpenXRay\src\xrGame\script_game_object_smart_covers.cpp" file="C:\OpenXRay\src\xrGame\stalker_movement_manager_base.h" line="55" column="18" info="Virtual function in base class"/>            <symbol>remove_links</symbol>        </error>        <error id="missingOverride" severity="style" msg="The function &apos;Load&apos; overrides a function in a base class but is not marked with a &apos;override&apos; specifier." verbose="The function &apos;Load&apos; overrides a function in a base class but is not marked with a &apos;override&apos; specifier.">            <location file0="C:\OpenXRay\src\xrGame\script_game_object_smart_covers.cpp" file="C:\OpenXRay\src\xrGame\stalker_movement_manager_obstacles.h" line="34" column="18" info="Function in derived class"/>            <location file0="C:\OpenXRay\src\xrGame\script_game_object_smart_covers.cpp" file="C:\OpenXRay\src\xrGame\stalker_movement_manager_base.h" line="48" column="18" info="Virtual function in base class"/>            <symbol>Load</symbol>        </error>        <error id="missingOverride" severity="style" msg="The function &apos;create_restricted_object&apos; overrides a function in a base class but is not marked with a &apos;override&apos; specifier." verbose="The function &apos;create_restricted_object&apos; overrides a function in a base class but is not marked with a &apos;override&apos; specifier.">            <location file0="C:\OpenXRay\src\xrGame\script_game_object_smart_covers.cpp" file="C:\OpenXRay\src\xrGame\stalker_movement_manager_obstacles.h" line="45" column="32" info="Function in derived class"/>            <location file0="C:\OpenXRay\src\xrGame\script_game_object_smart_covers.cpp" file="C:\OpenXRay\src\xrGame\movement_manager.h" line="235" column="32" info="Virtual function in base class"/>            <symbol>create_restricted_object</symbol>        </error>        <error id="missingOverride" severity="style" msg="The function &apos;build_level_path&apos; overrides a function in a base class but is not marked with a &apos;override&apos; specifier." verbose="The function &apos;build_level_path&apos; overrides a function in a base class but is not marked with a &apos;override&apos; specifier.">            <location file0="C:\OpenXRay\src\xrGame\script_game_object_smart_covers.cpp" file="C:\OpenXRay\src\xrGame\stalker_movement_manager_obstacles.h" line="72" column="18" info="Function in derived class"/>            <location file0="C:\OpenXRay\src\xrGame\script_game_object_smart_covers.cpp" file="C:\OpenXRay\src\xrGame\movement_manager.h" line="239" column="18" info="Virtual function in base class"/>            <symbol>build_level_path</symbol>        </error>        <error id="missingOverride" severity="style" msg="The function &apos;prediction_speed&apos; overrides a function in a base class but is not marked with a &apos;override&apos; specifier." verbose="The function &apos;prediction_speed&apos; overrides a function in a base class but is not marked with a &apos;override&apos; specifier.">            <location file0="C:\OpenXRay\src\xrGame\script_game_object_smart_covers.cpp" file="C:\OpenXRay\src\xrGame\stalker_movement_manager_obstacles.h" line="73" column="26" info="Function in derived class"/>            <location file0="C:\OpenXRay\src\xrGame\script_game_object_smart_covers.cpp" file="C:\OpenXRay\src\xrGame\movement_manager.h" line="245" column="26" info="Virtual function in base class"/>            <symbol>prediction_speed</symbol>        </error>        <error id="missingOverride" severity="style" msg="The function &apos;reinit&apos; overrides a function in a base class but is not marked with a &apos;override&apos; specifier." verbose="The function &apos;reinit&apos; overrides a function in a base class but is not marked with a &apos;override&apos; specifier.">            <location file0="C:\OpenXRay\src\xrGame\script_game_object_smart_covers.cpp" file="C:\OpenXRay\src\xrGame\stalker_movement_manager_smart_cover.h" line="54" column="18" info="Function in derived class"/>            <location file0="C:\OpenXRay\src\xrGame\script_game_object_smart_covers.cpp" file="C:\OpenXRay\src\xrGame\stalker_movement_manager_base.h" line="49" column="18" info="Virtual function in base class"/>            <symbol>reinit</symbol>        </error>        <error id="missingOverride" severity="style" msg="The function &apos;update&apos; overrides a function in a base class but is not marked with a &apos;override&apos; specifier." verbose="The function &apos;update&apos; overrides a function in a base class but is not marked with a &apos;override&apos; specifier.">            <location file0="C:\OpenXRay\src\xrGame\script_game_object_smart_covers.cpp" file="C:\OpenXRay\src\xrGame\stalker_movement_manager_smart_cover.h" line="55" column="18" info="Function in derived class"/>            <location file0="C:\OpenXRay\src\xrGame\script_game_object_smart_covers.cpp" file="C:\OpenXRay\src\xrGame\stalker_movement_manager_base.h" line="51" column="18" info="Virtual function in base class"/>            <symbol>update</symbol>        </error>        <error id="missingOverride" severity="style" msg="The function &apos;on_frame&apos; overrides a function in a base class but is not marked with a &apos;override&apos; specifier." verbose="The function &apos;on_frame&apos; overrides a function in a base class but is not marked with a &apos;override&apos; specifier.">            <location file0="C:\OpenXRay\src\xrGame\script_game_object_smart_covers.cpp" file="C:\OpenXRay\src\xrGame\stalker_movement_manager_smart_cover.h" line="56" column="18" info="Function in derived class"/>            <location file0="C:\OpenXRay\src\xrGame\script_game_object_smart_covers.cpp" file="C:\OpenXRay\src\xrGame\movement_manager.h" line="170" column="18" info="Virtual function in base class"/>            <symbol>on_frame</symbol>        </error>        <error id="missingOverride" severity="style" msg="The function &apos;remove_links&apos; overrides a function in a base class but is not marked with a &apos;override&apos; specifier." verbose="The function &apos;remove_links&apos; overrides a function in a base class but is not marked with a &apos;override&apos; specifier.">            <location file0="C:\OpenXRay\src\xrGame\script_game_object_smart_covers.cpp" file="C:\OpenXRay\src\xrGame\stalker_movement_manager_smart_cover.h" line="57" column="18" info="Function in derived class"/>            <location file0="C:\OpenXRay\src\xrGame\script_game_object_smart_covers.cpp" file="C:\OpenXRay\src\xrGame\stalker_movement_manager_obstacles.h" line="33" column="18" info="Virtual function in base class"/>            <symbol>remove_links</symbol>        </error>        <error id="unusedFunction" severity="style" msg="The function &apos;get_dest_smart_cover&apos; is never used." verbose="The function &apos;get_dest_smart_cover&apos; is never used." cwe="561">            <location file="C:\OpenXRay\src\xrGame\script_game_object_smart_covers.cpp" line="225" column="0"/>            <symbol>get_dest_smart_cover</symbol>        </error>        <error id="unusedFunction" severity="style" msg="The function &apos;get_dest_smart_cover_name&apos; is never used." verbose="The function &apos;get_dest_smart_cover_name&apos; is never used." cwe="561">            <location file="C:\OpenXRay\src\xrGame\script_game_object_smart_covers.cpp" line="237" column="0"/>            <symbol>get_dest_smart_cover_name</symbol>        </error>        <error id="unusedFunction" severity="style" msg="The function &apos;in_loophole_fov&apos; is never used." verbose="The function &apos;in_loophole_fov&apos; is never used." cwe="561">            <location file="C:\OpenXRay\src\xrGame\script_game_object_smart_covers.cpp" line="315" column="0"/>            <symbol>in_loophole_fov</symbol>        </error>        <error id="unusedFunction" severity="style" msg="The function &apos;in_loophole_range&apos; is never used." verbose="The function &apos;in_loophole_range&apos; is never used." cwe="561">            <location file="C:\OpenXRay\src\xrGame\script_game_object_smart_covers.cpp" line="341" column="0"/>            <symbol>in_loophole_range</symbol>        </error>        <error id="unusedFunction" severity="style" msg="The function &apos;movement_target_reached&apos; is never used." verbose="The function &apos;movement_target_reached&apos; is never used." cwe="561">            <location file="C:\OpenXRay\src\xrGame\script_game_object_smart_covers.cpp" line="497" column="0"/>            <symbol>movement_target_reached</symbol>        </error>        <error id="unusedFunction" severity="style" msg="The function &apos;set_dest_loophole&apos; is never used." verbose="The function &apos;set_dest_loophole&apos; is never used." cwe="561">            <location file="C:\OpenXRay\src\xrGame\script_game_object_smart_covers.cpp" line="250" column="0"/>            <symbol>set_dest_loophole</symbol>        </error>        <error id="unusedFunction" severity="style" msg="The function &apos;set_dest_smart_cover&apos; is never used." verbose="The function &apos;set_dest_smart_cover&apos; is never used." cwe="561">            <location file="C:\OpenXRay\src\xrGame\script_game_object_smart_covers.cpp" line="199" column="0"/>            <symbol>set_dest_smart_cover</symbol>        </error>        <error id="unusedFunction" severity="style" msg="The function &apos;set_smart_cover_target&apos; is never used." verbose="The function &apos;set_smart_cover_target&apos; is never used." cwe="561">            <location file="C:\OpenXRay\src\xrGame\script_game_object_smart_covers.cpp" line="276" column="0"/>            <symbol>set_smart_cover_target</symbol>        </error>        <error id="unusedFunction" severity="style" msg="The function &apos;set_smart_cover_target_default&apos; is never used." verbose="The function &apos;set_smart_cover_target_default&apos; is never used." cwe="561">            <location file="C:\OpenXRay\src\xrGame\script_game_object_smart_covers.cpp" line="166" column="0"/>            <symbol>set_smart_cover_target_default</symbol>        </error>        <error id="unusedFunction" severity="style" msg="The function &apos;set_smart_cover_target_fire&apos; is never used." verbose="The function &apos;set_smart_cover_target_fire&apos; is never used." cwe="561">            <location file="C:\OpenXRay\src\xrGame\script_game_object_smart_covers.cpp" line="126" column="0"/>            <symbol>set_smart_cover_target_fire</symbol>        </error>        <error id="unusedFunction" severity="style" msg="The function &apos;set_smart_cover_target_fire_no_lookout&apos; is never used." verbose="The function &apos;set_smart_cover_target_fire_no_lookout&apos; is never used." cwe="561">            <location file="C:\OpenXRay\src\xrGame\script_game_object_smart_covers.cpp" line="146" column="0"/>            <symbol>set_smart_cover_target_fire_no_lookout</symbol>        </error>        <error id="unusedFunction" severity="style" msg="The function &apos;set_smart_cover_target_idle&apos; is never used." verbose="The function &apos;set_smart_cover_target_idle&apos; is never used." cwe="561">            <location file="C:\OpenXRay\src\xrGame\script_game_object_smart_covers.cpp" line="86" column="0"/>            <symbol>set_smart_cover_target_idle</symbol>        </error>        <error id="unusedFunction" severity="style" msg="The function &apos;set_smart_cover_target_lookout&apos; is never used." verbose="The function &apos;set_smart_cover_target_lookout&apos; is never used." cwe="561">            <location file="C:\OpenXRay\src\xrGame\script_game_object_smart_covers.cpp" line="106" column="0"/>            <symbol>set_smart_cover_target_lookout</symbol>        </error>        <error id="unusedFunction" severity="style" msg="The function &apos;set_smart_cover_target_selector&apos; is never used." verbose="The function &apos;set_smart_cover_target_selector&apos; is never used." cwe="561">            <location file="C:\OpenXRay\src\xrGame\script_game_object_smart_covers.cpp" line="43" column="0"/>            <symbol>set_smart_cover_target_selector</symbol>        </error>        <error id="unmatchedSuppression" severity="information" msg="Unmatched suppression: preprocessorErrorDirective" verbose="Unmatched suppression: preprocessorErrorDirective"/>        <error id="unmatchedSuppression" severity="information" msg="Unmatched suppression: unknownMacro" verbose="Unmatched suppression: unknownMacro"/>        <error id="missingInclude" severity="information" msg="Cppcheck cannot find all the include files (use --check-config for details)" verbose="Cppcheck cannot find all the include files. Cppcheck can check the code without the include files found. But the results will probably be more accurate if all the include files are found. Please check your project&apos;s include directories and add all of them as include directories for Cppcheck. To see what files Cppcheck cannot find use --check-config."/>    </errors></results>