<?xml version="1.0" encoding="UTF-8"?><results version="2">    <cppcheck version="2.1"/>    <errors>        <error id="missingOverride" severity="style" msg="The function &apos;Dispatch&apos; overrides a function in a base class but is not marked with a &apos;override&apos; specifier." verbose="The function &apos;Dispatch&apos; overrides a function in a base class but is not marked with a &apos;override&apos; specifier.">            <location file0="C:\OpenXRay\src\xrGame\ui\UIScriptWnd_script.cpp" file="C:\OpenXRay\src\xrGame\ui\UIScriptWnd.h" line="29" column="18" info="Function in derived class"/>            <location file0="C:\OpenXRay\src\xrGame\ui\UIScriptWnd_script.cpp" file="C:\OpenXRay\src\xrGame\ui\UIDialogWnd.h" line="30" column="18" info="Virtual function in base class"/>            <symbol>Dispatch</symbol>        </error>        <error id="missingOverride" severity="style" msg="The function &apos;OnKeyboardAction&apos; overrides a function in a base class but is not marked with a &apos;override&apos; specifier." verbose="The function &apos;OnKeyboardAction&apos; overrides a function in a base class but is not marked with a &apos;override&apos; specifier.">            <location file0="C:\OpenXRay\src\xrGame\ui\UIScriptWnd_script.cpp" file="C:\OpenXRay\src\xrGame\ui\uiscriptwnd_script.h" line="20" column="18" info="Function in derived class"/>            <location file0="C:\OpenXRay\src\xrGame\ui\UIScriptWnd_script.cpp" file="C:\OpenXRay\src\xrGame\ui\UIScriptWnd.h" line="28" column="18" info="Virtual function in base class"/>            <symbol>OnKeyboardAction</symbol>        </error>        <error id="missingOverride" severity="style" msg="The function &apos;Update&apos; overrides a function in a base class but is not marked with a &apos;override&apos; specifier." verbose="The function &apos;Update&apos; overrides a function in a base class but is not marked with a &apos;override&apos; specifier.">            <location file0="C:\OpenXRay\src\xrGame\ui\UIScriptWnd_script.cpp" file="C:\OpenXRay\src\xrGame\ui\uiscriptwnd_script.h" line="29" column="18" info="Function in derived class"/>            <location file0="C:\OpenXRay\src\xrGame\ui\UIScriptWnd_script.cpp" file="C:\OpenXRay\src\xrGame\ui\UIScriptWnd.h" line="27" column="18" info="Virtual function in base class"/>            <symbol>Update</symbol>        </error>        <error id="missingOverride" severity="style" msg="The function &apos;Dispatch&apos; overrides a function in a base class but is not marked with a &apos;override&apos; specifier." verbose="The function &apos;Dispatch&apos; overrides a function in a base class but is not marked with a &apos;override&apos; specifier.">            <location file0="C:\OpenXRay\src\xrGame\ui\UIScriptWnd_script.cpp" file="C:\OpenXRay\src\xrGame\ui\uiscriptwnd_script.h" line="31" column="18" info="Function in derived class"/>            <location file0="C:\OpenXRay\src\xrGame\ui\UIScriptWnd_script.cpp" file="C:\OpenXRay\src\xrGame\ui\UIScriptWnd.h" line="29" column="18" info="Virtual function in base class"/>            <symbol>Dispatch</symbol>        </error>        <error id="unmatchedSuppression" severity="information" msg="Unmatched suppression: missingIncludeSystem" verbose="Unmatched suppression: missingIncludeSystem"/>        <error id="unmatchedSuppression" severity="information" msg="Unmatched suppression: preprocessorErrorDirective" verbose="Unmatched suppression: preprocessorErrorDirective"/>        <error id="unmatchedSuppression" severity="information" msg="Unmatched suppression: unknownMacro" verbose="Unmatched suppression: unknownMacro"/>        <error id="missingInclude" severity="information" msg="Cppcheck cannot find all the include files (use --check-config for details)" verbose="Cppcheck cannot find all the include files. Cppcheck can check the code without the include files found. But the results will probably be more accurate if all the include files are found. Please check your project&apos;s include directories and add all of them as include directories for Cppcheck. To see what files Cppcheck cannot find use --check-config."/>    </errors></results>